<!DOCTYPE html>
<html>
<head>
    <title>yahia</title>
    <meta name="generator" content="HTMLTestRunner 1.0.18"/>
    <meta http-equiv="Content-Type" content="text/html; charset=UTF-8"/>
    <link rel="stylesheet" href="stylesheet.css">
    <script src="script.js"></script>
    <style>
        
    </style>
    <script>
        
    </script>
</head>
<body>
<div class='heading'>
    <h1 style="margin-left:1ex;">yahia</h1>
    
    <p class='attribute'><strong>Start Time : </strong> 2023-06-14 15:45:08</p>
    
    <p class='attribute'><strong>Duration : </strong> 0:37:16.007540</p>
    
    <p class='attribute'><strong>Status : </strong> Pass 11 Failure 9 Error 5</p>
    
    <p class='attribute'><strong>Description : </strong> Test report generation using HTMLTestRunner-rv</p>
    
    <p class='attribute'><strong>Tested By : </strong> Unknown</p>
    
</div>
<div>
    <p id='show_detail_line'><b>Show</b>
        <button><a href='javascript:showCase(0)' style="color:#660066;">Summary</a></button>
        <button><a href='javascript:showCase(1)' style="color:#660066;">Failed</a></button>
        <button><a href='javascript:showCase(2)' style="color:#660066;">Passed</a></button>
        <button><a href='javascript:showCase(3)' style="color:#660066;">All</a></button>
    </p>
    <table id='result_table'>
        <colgroup>
            <col align='left'/>
            <col align='right'/>
            <col align='right'/>
            <col align='right'/>
            <col align='right'/>
            <col align='right'/>
        </colgroup>
        <tr id='header_row'>
            <td>Test Group/Test case</td>
            <td>Count</td>
            <td>Pass</td>
            <td>Fail</td>
            <td>Error</td>
            <td>View</td>
        </tr>
        
        <tr class='passClass' style="font-weight:bold;color:white;">
            <td><a href="javascript:showClassDetail('c1','3')">tests.test_login.LoginTest</a></td>
            <td>3</td>
            <td>3</td>
            <td>0</td>
            <td>0</td>
            <td>
                <button><a href="javascript:showClassDetail('c1','3')"
                           style="color:#660066;">Detail</a></button>
            </td>
        </tr>
            
            <tr id="pt1.1" class='hiddenRow'>
                <td class='passCase'>
                    <div class='testcase'>
                        <a class="popup_link" onfocus='this.blur();'
                           href="javascript:showTestDetail('div_pt1.1')">test_login_logout</a>
                    </div>
                </td>
                <td colspan='5' align='center'>
                    <div>
                        <!--css div popup start-->
                        <button>
                            <a class="popup_link" onfocus='this.blur();'
                               href="javascript:showTestDetail('div_pt1.1')" style="color:#660066;">
                                PASS
                            </a></button>
                        <div id='div_pt1.1' class="popup_window">
                            <div style='text-align: right; color:red;cursor:pointer'>
                                <a onfocus='this.blur();'
                                   onclick="document.getElementById('div_pt1.1').style.display = 'none'; "
                                   style="color:red;">
                                    [x]</a>
                            </div>
                            <pre></pre>
                            <pre style="color: red;"></pre>
                        </div>
                        <!--css div popup end-->
                    </div>
                </td>
            </tr>
            
            <tr id="pt1.2" class='hiddenRow'>
                <td class='passCase'>
                    <div class='testcase'>
                        <a class="popup_link" onfocus='this.blur();'
                           href="javascript:showTestDetail('div_pt1.2')">test_change_language</a>
                    </div>
                </td>
                <td colspan='5' align='center'>
                    <div>
                        <!--css div popup start-->
                        <button>
                            <a class="popup_link" onfocus='this.blur();'
                               href="javascript:showTestDetail('div_pt1.2')" style="color:#660066;">
                                PASS
                            </a></button>
                        <div id='div_pt1.2' class="popup_window">
                            <div style='text-align: right; color:red;cursor:pointer'>
                                <a onfocus='this.blur();'
                                   onclick="document.getElementById('div_pt1.2').style.display = 'none'; "
                                   style="color:red;">
                                    [x]</a>
                            </div>
                            <pre></pre>
                            <pre style="color: red;"></pre>
                        </div>
                        <!--css div popup end-->
                    </div>
                </td>
            </tr>
            
            <tr id="pt1.3" class='hiddenRow'>
                <td class='passCase'>
                    <div class='testcase'>
                        <a class="popup_link" onfocus='this.blur();'
                           href="javascript:showTestDetail('div_pt1.3')">test_register</a>
                    </div>
                </td>
                <td colspan='5' align='center'>
                    <div>
                        <!--css div popup start-->
                        <button>
                            <a class="popup_link" onfocus='this.blur();'
                               href="javascript:showTestDetail('div_pt1.3')" style="color:#660066;">
                                PASS
                            </a></button>
                        <div id='div_pt1.3' class="popup_window">
                            <div style='text-align: right; color:red;cursor:pointer'>
                                <a onfocus='this.blur();'
                                   onclick="document.getElementById('div_pt1.3').style.display = 'none'; "
                                   style="color:red;">
                                    [x]</a>
                            </div>
                            <pre></pre>
                            <pre style="color: red;"></pre>
                        </div>
                        <!--css div popup end-->
                    </div>
                </td>
            </tr>
            
        
        <tr class='errorClass' style="font-weight:bold;color:white;">
            <td><a href="javascript:showClassDetail('c2','5')">tests.test_cart.CartTest</a></td>
            <td>5</td>
            <td>3</td>
            <td>1</td>
            <td>1</td>
            <td>
                <button><a href="javascript:showClassDetail('c2','5')"
                           style="color:#660066;">Detail</a></button>
            </td>
        </tr>
            
            <tr id="pt2.1" class='hiddenRow'>
                <td class='passCase'>
                    <div class='testcase'>
                        <a class="popup_link" onfocus='this.blur();'
                           href="javascript:showTestDetail('div_pt2.1')">test_clear_cart</a>
                    </div>
                </td>
                <td colspan='5' align='center'>
                    <div>
                        <!--css div popup start-->
                        <button>
                            <a class="popup_link" onfocus='this.blur();'
                               href="javascript:showTestDetail('div_pt2.1')" style="color:#660066;">
                                PASS
                            </a></button>
                        <div id='div_pt2.1' class="popup_window">
                            <div style='text-align: right; color:red;cursor:pointer'>
                                <a onfocus='this.blur();'
                                   onclick="document.getElementById('div_pt2.1').style.display = 'none'; "
                                   style="color:red;">
                                    [x]</a>
                            </div>
                            <pre></pre>
                            <pre style="color: red;"></pre>
                        </div>
                        <!--css div popup end-->
                    </div>
                </td>
            </tr>
            
            <tr id="ft2.2" class='none'>
                <td class='failCase'>
                    <div class='testcase'>
                        <a class="popup_link" onfocus='this.blur();'
                           href="javascript:showTestDetail('div_ft2.2')">test_change_quantity</a>
                    </div>
                </td>
                <td colspan='5' align='center'>
                    <div>
                        <!--css div popup start-->
                        <button>
                            <a class="popup_link" onfocus='this.blur();'
                               href="javascript:showTestDetail('div_ft2.2')" style="color:#660066;">
                                FAIL
                            </a></button>
                        <div id='div_ft2.2' class="popup_window">
                            <div style='text-align: right; color:red;cursor:pointer'>
                                <a onfocus='this.blur();'
                                   onclick="document.getElementById('div_ft2.2').style.display = 'none'; "
                                   style="color:red;">
                                    [x]</a>
                            </div>
                            <pre></pre>
                            <pre style="color: red;">Traceback (most recent call last):
  File "C:\Users\User\Documents\taza-qa-tests-automation\tests\test_cart.py", line 48, in test_change_quantity
    self.assertEqual(total_amount,
AssertionError: '6,000 IQD' != '5,000 IQD'
- 6,000 IQD
? ^
+ 5,000 IQD
? ^

</pre>
                        </div>
                        <!--css div popup end-->
                    </div>
                </td>
            </tr>
            
            <tr id="pt2.3" class='hiddenRow'>
                <td class='passCase'>
                    <div class='testcase'>
                        <a class="popup_link" onfocus='this.blur();'
                           href="javascript:showTestDetail('div_pt2.3')">test_change_deliver_address</a>
                    </div>
                </td>
                <td colspan='5' align='center'>
                    <div>
                        <!--css div popup start-->
                        <button>
                            <a class="popup_link" onfocus='this.blur();'
                               href="javascript:showTestDetail('div_pt2.3')" style="color:#660066;">
                                PASS
                            </a></button>
                        <div id='div_pt2.3' class="popup_window">
                            <div style='text-align: right; color:red;cursor:pointer'>
                                <a onfocus='this.blur();'
                                   onclick="document.getElementById('div_pt2.3').style.display = 'none'; "
                                   style="color:red;">
                                    [x]</a>
                            </div>
                            <pre></pre>
                            <pre style="color: red;"></pre>
                        </div>
                        <!--css div popup end-->
                    </div>
                </td>
            </tr>
            
            <tr id="pt2.4" class='hiddenRow'>
                <td class='passCase'>
                    <div class='testcase'>
                        <a class="popup_link" onfocus='this.blur();'
                           href="javascript:showTestDetail('div_pt2.4')">test_remove_cart_item</a>
                    </div>
                </td>
                <td colspan='5' align='center'>
                    <div>
                        <!--css div popup start-->
                        <button>
                            <a class="popup_link" onfocus='this.blur();'
                               href="javascript:showTestDetail('div_pt2.4')" style="color:#660066;">
                                PASS
                            </a></button>
                        <div id='div_pt2.4' class="popup_window">
                            <div style='text-align: right; color:red;cursor:pointer'>
                                <a onfocus='this.blur();'
                                   onclick="document.getElementById('div_pt2.4').style.display = 'none'; "
                                   style="color:red;">
                                    [x]</a>
                            </div>
                            <pre></pre>
                            <pre style="color: red;"></pre>
                        </div>
                        <!--css div popup end-->
                    </div>
                </td>
            </tr>
            
            <tr id="ft2.5" class='none'>
                <td class='errorCase'>
                    <div class='testcase'>
                        <a class="popup_link" onfocus='this.blur();'
                           href="javascript:showTestDetail('div_ft2.5')">test_add_remove_promo_code</a>
                    </div>
                </td>
                <td colspan='5' align='center'>
                    <div>
                        <!--css div popup start-->
                        <button>
                            <a class="popup_link" onfocus='this.blur();'
                               href="javascript:showTestDetail('div_ft2.5')" style="color:#660066;">
                                ERROR
                            </a></button>
                        <div id='div_ft2.5' class="popup_window">
                            <div style='text-align: right; color:red;cursor:pointer'>
                                <a onfocus='this.blur();'
                                   onclick="document.getElementById('div_ft2.5').style.display = 'none'; "
                                   style="color:red;">
                                    [x]</a>
                            </div>
                            <pre></pre>
                            <pre style="color: red;">Traceback (most recent call last):
  File "C:\Users\User\Documents\taza-qa-tests-automation\tests\test_cart.py", line 115, in test_add_remove_promo_code
    CartPage.click_apply_promo(self)
  File "C:\Users\User\Documents\taza-qa-tests-automation\pages\cart_page.py", line 64, in click_apply_promo
    driver.click(CartPageSelectors.apply_promo)
  File "C:\Users\User\Documents\taza-qa-tests-automation\core\base_class.py", line 23, in click
    self.find_element(element).click()
  File "C:\Users\User\Documents\taza-qa-tests-automation\core\base_class.py", line 20, in find_element
    return self.driver.find_element(*selector)
  File "C:\Users\User\AppData\Local\Programs\Python\Python39\lib\site-packages\appium\webdriver\webdriver.py", line 371, in find_element
    return self.execute(RemoteCommand.FIND_ELEMENT, {'using': by, 'value': value})['value']
  File "C:\Users\User\AppData\Local\Programs\Python\Python39\lib\site-packages\selenium\webdriver\remote\webdriver.py", line 444, in execute
    self.error_handler.check_response(response)
  File "C:\Users\User\AppData\Local\Programs\Python\Python39\lib\site-packages\appium\webdriver\errorhandler.py", line 30, in check_response
    raise wde
  File "C:\Users\User\AppData\Local\Programs\Python\Python39\lib\site-packages\appium\webdriver\errorhandler.py", line 26, in check_response
    super().check_response(response)
  File "C:\Users\User\AppData\Local\Programs\Python\Python39\lib\site-packages\selenium\webdriver\remote\errorhandler.py", line 249, in check_response
    raise exception_class(message, screen, stacktrace)
selenium.common.exceptions.NoSuchElementException: Message: An element could not be located on the page using the given search parameters.
Stacktrace:
NoSuchElementError: An element could not be located on the page using the given search parameters.
    at AndroidUiautomator2Driver.findElOrEls (/nix/store/a4f03fnyb1njsg95d11hrirds8hfjsc1-appium-1.17.0/node_modules/appium-uiautomator2-driver/node_modules/appium-android-driver/lib/commands/find.js:75:11)
</pre>
                        </div>
                        <!--css div popup end-->
                    </div>
                </td>
            </tr>
            
        
        <tr class='errorClass' style="font-weight:bold;color:white;">
            <td><a href="javascript:showClassDetail('c3','4')">tests.test_addresses.AddressesTest</a></td>
            <td>4</td>
            <td>2</td>
            <td>0</td>
            <td>2</td>
            <td>
                <button><a href="javascript:showClassDetail('c3','4')"
                           style="color:#660066;">Detail</a></button>
            </td>
        </tr>
            
            <tr id="pt3.1" class='hiddenRow'>
                <td class='passCase'>
                    <div class='testcase'>
                        <a class="popup_link" onfocus='this.blur();'
                           href="javascript:showTestDetail('div_pt3.1')">test_default_address</a>
                    </div>
                </td>
                <td colspan='5' align='center'>
                    <div>
                        <!--css div popup start-->
                        <button>
                            <a class="popup_link" onfocus='this.blur();'
                               href="javascript:showTestDetail('div_pt3.1')" style="color:#660066;">
                                PASS
                            </a></button>
                        <div id='div_pt3.1' class="popup_window">
                            <div style='text-align: right; color:red;cursor:pointer'>
                                <a onfocus='this.blur();'
                                   onclick="document.getElementById('div_pt3.1').style.display = 'none'; "
                                   style="color:red;">
                                    [x]</a>
                            </div>
                            <pre></pre>
                            <pre style="color: red;"></pre>
                        </div>
                        <!--css div popup end-->
                    </div>
                </td>
            </tr>
            
            <tr id="ft3.2" class='none'>
                <td class='errorCase'>
                    <div class='testcase'>
                        <a class="popup_link" onfocus='this.blur();'
                           href="javascript:showTestDetail('div_ft3.2')">test_add_address</a>
                    </div>
                </td>
                <td colspan='5' align='center'>
                    <div>
                        <!--css div popup start-->
                        <button>
                            <a class="popup_link" onfocus='this.blur();'
                               href="javascript:showTestDetail('div_ft3.2')" style="color:#660066;">
                                ERROR
                            </a></button>
                        <div id='div_ft3.2' class="popup_window">
                            <div style='text-align: right; color:red;cursor:pointer'>
                                <a onfocus='this.blur();'
                                   onclick="document.getElementById('div_ft3.2').style.display = 'none'; "
                                   style="color:red;">
                                    [x]</a>
                            </div>
                            <pre></pre>
                            <pre style="color: red;">Traceback (most recent call last):
  File "C:\Users\User\Documents\taza-qa-tests-automation\tests\test_addresses.py", line 32, in test_add_address
    self.add_address(DataSets.nickname_home)  # add home address
  File "C:\Users\User\Documents\taza-qa-tests-automation\tests\test_addresses.py", line 128, in add_address
    SavedAddressesPage.set_neighborhood(self, address_name)
  File "C:\Users\User\Documents\taza-qa-tests-automation\pages\saved_addresses_page.py", line 77, in set_neighborhood
    driver.set_value(NewAddressPageSelectors.neighbourhood, neighbourhood_value)
  File "C:\Users\User\Documents\taza-qa-tests-automation\core\base_class.py", line 26, in set_value
    self.find_element(selector).set_value(value)
  File "C:\Users\User\Documents\taza-qa-tests-automation\core\base_class.py", line 20, in find_element
    return self.driver.find_element(*selector)
  File "C:\Users\User\AppData\Local\Programs\Python\Python39\lib\site-packages\appium\webdriver\webdriver.py", line 371, in find_element
    return self.execute(RemoteCommand.FIND_ELEMENT, {'using': by, 'value': value})['value']
  File "C:\Users\User\AppData\Local\Programs\Python\Python39\lib\site-packages\selenium\webdriver\remote\webdriver.py", line 444, in execute
    self.error_handler.check_response(response)
  File "C:\Users\User\AppData\Local\Programs\Python\Python39\lib\site-packages\appium\webdriver\errorhandler.py", line 30, in check_response
    raise wde
  File "C:\Users\User\AppData\Local\Programs\Python\Python39\lib\site-packages\appium\webdriver\errorhandler.py", line 26, in check_response
    super().check_response(response)
  File "C:\Users\User\AppData\Local\Programs\Python\Python39\lib\site-packages\selenium\webdriver\remote\errorhandler.py", line 249, in check_response
    raise exception_class(message, screen, stacktrace)
selenium.common.exceptions.NoSuchElementException: Message: An element could not be located on the page using the given search parameters.
Stacktrace:
NoSuchElementError: An element could not be located on the page using the given search parameters.
    at AndroidUiautomator2Driver.findElOrEls (/nix/store/a4f03fnyb1njsg95d11hrirds8hfjsc1-appium-1.17.0/node_modules/appium-uiautomator2-driver/node_modules/appium-android-driver/lib/commands/find.js:75:11)
</pre>
                        </div>
                        <!--css div popup end-->
                    </div>
                </td>
            </tr>
            
            <tr id="ft3.3" class='none'>
                <td class='errorCase'>
                    <div class='testcase'>
                        <a class="popup_link" onfocus='this.blur();'
                           href="javascript:showTestDetail('div_ft3.3')">test_edit_address</a>
                    </div>
                </td>
                <td colspan='5' align='center'>
                    <div>
                        <!--css div popup start-->
                        <button>
                            <a class="popup_link" onfocus='this.blur();'
                               href="javascript:showTestDetail('div_ft3.3')" style="color:#660066;">
                                ERROR
                            </a></button>
                        <div id='div_ft3.3' class="popup_window">
                            <div style='text-align: right; color:red;cursor:pointer'>
                                <a onfocus='this.blur();'
                                   onclick="document.getElementById('div_ft3.3').style.display = 'none'; "
                                   style="color:red;">
                                    [x]</a>
                            </div>
                            <pre></pre>
                            <pre style="color: red;">Traceback (most recent call last):
  File "C:\Users\User\Documents\taza-qa-tests-automation\tests\test_addresses.py", line 62, in test_edit_address
    SavedAddressesPage.click_update(self)
  File "C:\Users\User\Documents\taza-qa-tests-automation\pages\saved_addresses_page.py", line 28, in click_update
    driver.click(SavedAddressesPageSelectors.update_button)
  File "C:\Users\User\Documents\taza-qa-tests-automation\core\base_class.py", line 23, in click
    self.find_element(element).click()
  File "C:\Users\User\Documents\taza-qa-tests-automation\core\base_class.py", line 20, in find_element
    return self.driver.find_element(*selector)
  File "C:\Users\User\AppData\Local\Programs\Python\Python39\lib\site-packages\appium\webdriver\webdriver.py", line 371, in find_element
    return self.execute(RemoteCommand.FIND_ELEMENT, {'using': by, 'value': value})['value']
  File "C:\Users\User\AppData\Local\Programs\Python\Python39\lib\site-packages\selenium\webdriver\remote\webdriver.py", line 444, in execute
    self.error_handler.check_response(response)
  File "C:\Users\User\AppData\Local\Programs\Python\Python39\lib\site-packages\appium\webdriver\errorhandler.py", line 30, in check_response
    raise wde
  File "C:\Users\User\AppData\Local\Programs\Python\Python39\lib\site-packages\appium\webdriver\errorhandler.py", line 26, in check_response
    super().check_response(response)
  File "C:\Users\User\AppData\Local\Programs\Python\Python39\lib\site-packages\selenium\webdriver\remote\errorhandler.py", line 249, in check_response
    raise exception_class(message, screen, stacktrace)
selenium.common.exceptions.NoSuchElementException: Message: An element could not be located on the page using the given search parameters.
Stacktrace:
NoSuchElementError: An element could not be located on the page using the given search parameters.
    at AndroidUiautomator2Driver.findElOrEls (/nix/store/a4f03fnyb1njsg95d11hrirds8hfjsc1-appium-1.17.0/node_modules/appium-uiautomator2-driver/node_modules/appium-android-driver/lib/commands/find.js:75:11)
</pre>
                        </div>
                        <!--css div popup end-->
                    </div>
                </td>
            </tr>
            
            <tr id="pt3.4" class='hiddenRow'>
                <td class='passCase'>
                    <div class='testcase'>
                        <a class="popup_link" onfocus='this.blur();'
                           href="javascript:showTestDetail('div_pt3.4')">test_delete_address</a>
                    </div>
                </td>
                <td colspan='5' align='center'>
                    <div>
                        <!--css div popup start-->
                        <button>
                            <a class="popup_link" onfocus='this.blur();'
                               href="javascript:showTestDetail('div_pt3.4')" style="color:#660066;">
                                PASS
                            </a></button>
                        <div id='div_pt3.4' class="popup_window">
                            <div style='text-align: right; color:red;cursor:pointer'>
                                <a onfocus='this.blur();'
                                   onclick="document.getElementById('div_pt3.4').style.display = 'none'; "
                                   style="color:red;">
                                    [x]</a>
                            </div>
                            <pre></pre>
                            <pre style="color: red;"></pre>
                        </div>
                        <!--css div popup end-->
                    </div>
                </td>
            </tr>
            
        
        <tr class='errorClass' style="font-weight:bold;color:white;">
            <td><a href="javascript:showClassDetail('c4','3')">tests.test_order.OrderTests</a></td>
            <td>3</td>
            <td>0</td>
            <td>2</td>
            <td>1</td>
            <td>
                <button><a href="javascript:showClassDetail('c4','3')"
                           style="color:#660066;">Detail</a></button>
            </td>
        </tr>
            
            <tr id="ft4.1" class='none'>
                <td class='failCase'>
                    <div class='testcase'>
                        <a class="popup_link" onfocus='this.blur();'
                           href="javascript:showTestDetail('div_ft4.1')">test_cancel_order</a>
                    </div>
                </td>
                <td colspan='5' align='center'>
                    <div>
                        <!--css div popup start-->
                        <button>
                            <a class="popup_link" onfocus='this.blur();'
                               href="javascript:showTestDetail('div_ft4.1')" style="color:#660066;">
                                FAIL
                            </a></button>
                        <div id='div_ft4.1' class="popup_window">
                            <div style='text-align: right; color:red;cursor:pointer'>
                                <a onfocus='this.blur();'
                                   onclick="document.getElementById('div_ft4.1').style.display = 'none'; "
                                   style="color:red;">
                                    [x]</a>
                            </div>
                            <pre></pre>
                            <pre style="color: red;">Traceback (most recent call last):
  File "C:\Users\User\Documents\taza-qa-tests-automation\tests\test_order.py", line 34, in test_cancel_order
    CartPage.place_order(self)
  File "C:\Users\User\Documents\taza-qa-tests-automation\pages\cart_page.py", line 77, in place_order
    driver.assertTrue(result)  # verify confirmation message is displayed
AssertionError: False is not true
</pre>
                        </div>
                        <!--css div popup end-->
                    </div>
                </td>
            </tr>
            
            <tr id="ft4.2" class='none'>
                <td class='errorCase'>
                    <div class='testcase'>
                        <a class="popup_link" onfocus='this.blur();'
                           href="javascript:showTestDetail('div_ft4.2')">test_schedule_order</a>
                    </div>
                </td>
                <td colspan='5' align='center'>
                    <div>
                        <!--css div popup start-->
                        <button>
                            <a class="popup_link" onfocus='this.blur();'
                               href="javascript:showTestDetail('div_ft4.2')" style="color:#660066;">
                                ERROR
                            </a></button>
                        <div id='div_ft4.2' class="popup_window">
                            <div style='text-align: right; color:red;cursor:pointer'>
                                <a onfocus='this.blur();'
                                   onclick="document.getElementById('div_ft4.2').style.display = 'none'; "
                                   style="color:red;">
                                    [x]</a>
                            </div>
                            <pre></pre>
                            <pre style="color: red;">Traceback (most recent call last):
  File "C:\Users\User\Documents\taza-qa-tests-automation\tests\test_order.py", line 92, in test_schedule_order
    CheckOutPage.click_schedule_button(self)
  File "C:\Users\User\Documents\taza-qa-tests-automation\pages\cart_page.py", line 119, in click_schedule_button
    driver.click(CheckOutPageSelectors.schedule_button)
  File "C:\Users\User\Documents\taza-qa-tests-automation\core\base_class.py", line 23, in click
    self.find_element(element).click()
  File "C:\Users\User\Documents\taza-qa-tests-automation\core\base_class.py", line 20, in find_element
    return self.driver.find_element(*selector)
  File "C:\Users\User\AppData\Local\Programs\Python\Python39\lib\site-packages\appium\webdriver\webdriver.py", line 371, in find_element
    return self.execute(RemoteCommand.FIND_ELEMENT, {'using': by, 'value': value})['value']
  File "C:\Users\User\AppData\Local\Programs\Python\Python39\lib\site-packages\selenium\webdriver\remote\webdriver.py", line 444, in execute
    self.error_handler.check_response(response)
  File "C:\Users\User\AppData\Local\Programs\Python\Python39\lib\site-packages\appium\webdriver\errorhandler.py", line 30, in check_response
    raise wde
  File "C:\Users\User\AppData\Local\Programs\Python\Python39\lib\site-packages\appium\webdriver\errorhandler.py", line 26, in check_response
    super().check_response(response)
  File "C:\Users\User\AppData\Local\Programs\Python\Python39\lib\site-packages\selenium\webdriver\remote\errorhandler.py", line 249, in check_response
    raise exception_class(message, screen, stacktrace)
selenium.common.exceptions.NoSuchElementException: Message: An element could not be located on the page using the given search parameters.
Stacktrace:
NoSuchElementError: An element could not be located on the page using the given search parameters.
    at AndroidUiautomator2Driver.findElOrEls (/nix/store/a4f03fnyb1njsg95d11hrirds8hfjsc1-appium-1.17.0/node_modules/appium-uiautomator2-driver/node_modules/appium-android-driver/lib/commands/find.js:75:11)
</pre>
                        </div>
                        <!--css div popup end-->
                    </div>
                </td>
            </tr>
            
            <tr id="ft4.3" class='none'>
                <td class='failCase'>
                    <div class='testcase'>
                        <a class="popup_link" onfocus='this.blur();'
                           href="javascript:showTestDetail('div_ft4.3')">test_place_order</a>
                    </div>
                </td>
                <td colspan='5' align='center'>
                    <div>
                        <!--css div popup start-->
                        <button>
                            <a class="popup_link" onfocus='this.blur();'
                               href="javascript:showTestDetail('div_ft4.3')" style="color:#660066;">
                                FAIL
                            </a></button>
                        <div id='div_ft4.3' class="popup_window">
                            <div style='text-align: right; color:red;cursor:pointer'>
                                <a onfocus='this.blur();'
                                   onclick="document.getElementById('div_ft4.3').style.display = 'none'; "
                                   style="color:red;">
                                    [x]</a>
                            </div>
                            <pre></pre>
                            <pre style="color: red;">Traceback (most recent call last):
  File "C:\Users\User\Documents\taza-qa-tests-automation\tests\test_order.py", line 142, in test_place_order
    CartPage.place_order(self)
  File "C:\Users\User\Documents\taza-qa-tests-automation\pages\cart_page.py", line 77, in place_order
    driver.assertTrue(result)  # verify confirmation message is displayed
AssertionError: False is not true
</pre>
                        </div>
                        <!--css div popup end-->
                    </div>
                </td>
            </tr>
            
        
        <tr class='failClass' style="font-weight:bold;color:white;">
            <td><a href="javascript:showClassDetail('c5','5')">tests.test_account_settings.AccountChanges</a></td>
            <td>5</td>
            <td>1</td>
            <td>4</td>
            <td>0</td>
            <td>
                <button><a href="javascript:showClassDetail('c5','5')"
                           style="color:#660066;">Detail</a></button>
            </td>
        </tr>
            
            <tr id="pt5.1" class='hiddenRow'>
                <td class='passCase'>
                    <div class='testcase'>
                        <a class="popup_link" onfocus='this.blur();'
                           href="javascript:showTestDetail('div_pt5.1')">test_valid_display</a>
                    </div>
                </td>
                <td colspan='5' align='center'>
                    <div>
                        <!--css div popup start-->
                        <button>
                            <a class="popup_link" onfocus='this.blur();'
                               href="javascript:showTestDetail('div_pt5.1')" style="color:#660066;">
                                PASS
                            </a></button>
                        <div id='div_pt5.1' class="popup_window">
                            <div style='text-align: right; color:red;cursor:pointer'>
                                <a onfocus='this.blur();'
                                   onclick="document.getElementById('div_pt5.1').style.display = 'none'; "
                                   style="color:red;">
                                    [x]</a>
                            </div>
                            <pre></pre>
                            <pre style="color: red;"></pre>
                        </div>
                        <!--css div popup end-->
                    </div>
                </td>
            </tr>
            
            <tr id="ft5.2" class='none'>
                <td class='failCase'>
                    <div class='testcase'>
                        <a class="popup_link" onfocus='this.blur();'
                           href="javascript:showTestDetail('div_ft5.2')">test_update_email</a>
                    </div>
                </td>
                <td colspan='5' align='center'>
                    <div>
                        <!--css div popup start-->
                        <button>
                            <a class="popup_link" onfocus='this.blur();'
                               href="javascript:showTestDetail('div_ft5.2')" style="color:#660066;">
                                FAIL
                            </a></button>
                        <div id='div_ft5.2' class="popup_window">
                            <div style='text-align: right; color:red;cursor:pointer'>
                                <a onfocus='this.blur();'
                                   onclick="document.getElementById('div_ft5.2').style.display = 'none'; "
                                   style="color:red;">
                                    [x]</a>
                            </div>
                            <pre></pre>
                            <pre style="color: red;">Traceback (most recent call last):
  File "C:\Users\User\Documents\taza-qa-tests-automation\tests\test_account_settings.py", line 59, in test_update_email
    assert email in updated_email_value
AssertionError
</pre>
                        </div>
                        <!--css div popup end-->
                    </div>
                </td>
            </tr>
            
            <tr id="ft5.3" class='none'>
                <td class='failCase'>
                    <div class='testcase'>
                        <a class="popup_link" onfocus='this.blur();'
                           href="javascript:showTestDetail('div_ft5.3')">test_update_firstname</a>
                    </div>
                </td>
                <td colspan='5' align='center'>
                    <div>
                        <!--css div popup start-->
                        <button>
                            <a class="popup_link" onfocus='this.blur();'
                               href="javascript:showTestDetail('div_ft5.3')" style="color:#660066;">
                                FAIL
                            </a></button>
                        <div id='div_ft5.3' class="popup_window">
                            <div style='text-align: right; color:red;cursor:pointer'>
                                <a onfocus='this.blur();'
                                   onclick="document.getElementById('div_ft5.3').style.display = 'none'; "
                                   style="color:red;">
                                    [x]</a>
                            </div>
                            <pre></pre>
                            <pre style="color: red;">Traceback (most recent call last):
  File "C:\Users\User\Documents\taza-qa-tests-automation\tests\test_account_settings.py", line 33, in test_update_firstname
    assert name in updated_firstname_value
AssertionError
</pre>
                        </div>
                        <!--css div popup end-->
                    </div>
                </td>
            </tr>
            
            <tr id="ft5.4" class='none'>
                <td class='failCase'>
                    <div class='testcase'>
                        <a class="popup_link" onfocus='this.blur();'
                           href="javascript:showTestDetail('div_ft5.4')">test_update_lastname</a>
                    </div>
                </td>
                <td colspan='5' align='center'>
                    <div>
                        <!--css div popup start-->
                        <button>
                            <a class="popup_link" onfocus='this.blur();'
                               href="javascript:showTestDetail('div_ft5.4')" style="color:#660066;">
                                FAIL
                            </a></button>
                        <div id='div_ft5.4' class="popup_window">
                            <div style='text-align: right; color:red;cursor:pointer'>
                                <a onfocus='this.blur();'
                                   onclick="document.getElementById('div_ft5.4').style.display = 'none'; "
                                   style="color:red;">
                                    [x]</a>
                            </div>
                            <pre></pre>
                            <pre style="color: red;">Traceback (most recent call last):
  File "C:\Users\User\Documents\taza-qa-tests-automation\tests\test_account_settings.py", line 46, in test_update_lastname
    assert name in updated_lastname_value
AssertionError
</pre>
                        </div>
                        <!--css div popup end-->
                    </div>
                </td>
            </tr>
            
            <tr id="ft5.5" class='none'>
                <td class='failCase'>
                    <div class='testcase'>
                        <a class="popup_link" onfocus='this.blur();'
                           href="javascript:showTestDetail('div_ft5.5')">test_remove_account</a>
                    </div>
                </td>
                <td colspan='5' align='center'>
                    <div>
                        <!--css div popup start-->
                        <button>
                            <a class="popup_link" onfocus='this.blur();'
                               href="javascript:showTestDetail('div_ft5.5')" style="color:#660066;">
                                FAIL
                            </a></button>
                        <div id='div_ft5.5' class="popup_window">
                            <div style='text-align: right; color:red;cursor:pointer'>
                                <a onfocus='this.blur();'
                                   onclick="document.getElementById('div_ft5.5').style.display = 'none'; "
                                   style="color:red;">
                                    [x]</a>
                            </div>
                            <pre></pre>
                            <pre style="color: red;">Traceback (most recent call last):
  File "C:\Users\User\Documents\taza-qa-tests-automation\tests\test_account_settings.py", line 77, in test_remove_account
    self.assertNotEqual(response.status_code, 200)
AssertionError: 200 == 200
</pre>
                        </div>
                        <!--css div popup end-->
                    </div>
                </td>
            </tr>
            
        
        <tr class='failClass' style="font-weight:bold;color:white;">
            <td><a href="javascript:showClassDetail('c6','1')">tests.test_favorites.FavoriteTest</a></td>
            <td>1</td>
            <td>0</td>
            <td>1</td>
            <td>0</td>
            <td>
                <button><a href="javascript:showClassDetail('c6','1')"
                           style="color:#660066;">Detail</a></button>
            </td>
        </tr>
            
            <tr id="ft6.1" class='none'>
                <td class='failCase'>
                    <div class='testcase'>
                        <a class="popup_link" onfocus='this.blur();'
                           href="javascript:showTestDetail('div_ft6.1')">test_add_remove_favorite</a>
                    </div>
                </td>
                <td colspan='5' align='center'>
                    <div>
                        <!--css div popup start-->
                        <button>
                            <a class="popup_link" onfocus='this.blur();'
                               href="javascript:showTestDetail('div_ft6.1')" style="color:#660066;">
                                FAIL
                            </a></button>
                        <div id='div_ft6.1' class="popup_window">
                            <div style='text-align: right; color:red;cursor:pointer'>
                                <a onfocus='this.blur();'
                                   onclick="document.getElementById('div_ft6.1').style.display = 'none'; "
                                   style="color:red;">
                                    [x]</a>
                            </div>
                            <pre></pre>
                            <pre style="color: red;">Traceback (most recent call last):
  File "C:\Users\User\Documents\taza-qa-tests-automation\tests\test_favorites.py", line 42, in test_add_remove_favorite
    self.assertTrue(result, "item is not removed from the favorites")
AssertionError: False is not true : item is not removed from the favorites
</pre>
                        </div>
                        <!--css div popup end-->
                    </div>
                </td>
            </tr>
            
        
        <tr class='errorClass' style="font-weight:bold;color:white;">
            <td><a href="javascript:showClassDetail('c7','2')">tests.test_password.Passwords</a></td>
            <td>2</td>
            <td>0</td>
            <td>1</td>
            <td>1</td>
            <td>
                <button><a href="javascript:showClassDetail('c7','2')"
                           style="color:#660066;">Detail</a></button>
            </td>
        </tr>
            
            <tr id="ft7.1" class='none'>
                <td class='errorCase'>
                    <div class='testcase'>
                        <a class="popup_link" onfocus='this.blur();'
                           href="javascript:showTestDetail('div_ft7.1')">test_forget_password</a>
                    </div>
                </td>
                <td colspan='5' align='center'>
                    <div>
                        <!--css div popup start-->
                        <button>
                            <a class="popup_link" onfocus='this.blur();'
                               href="javascript:showTestDetail('div_ft7.1')" style="color:#660066;">
                                ERROR
                            </a></button>
                        <div id='div_ft7.1' class="popup_window">
                            <div style='text-align: right; color:red;cursor:pointer'>
                                <a onfocus='this.blur();'
                                   onclick="document.getElementById('div_ft7.1').style.display = 'none'; "
                                   style="color:red;">
                                    [x]</a>
                            </div>
                            <pre></pre>
                            <pre style="color: red;">Traceback (most recent call last):
  File "C:\Users\User\Documents\taza-qa-tests-automation\tests\test_password.py", line 27, in test_forget_password
    ForgetPasswordPage.click_send_button(self)
  File "C:\Users\User\Documents\taza-qa-tests-automation\pages\forget_password_page.py", line 12, in click_send_button
    driver.click(ForgetPasswordPageSelectors.send_button)
  File "C:\Users\User\Documents\taza-qa-tests-automation\core\base_class.py", line 23, in click
    self.find_element(element).click()
  File "C:\Users\User\Documents\taza-qa-tests-automation\core\base_class.py", line 20, in find_element
    return self.driver.find_element(*selector)
  File "C:\Users\User\AppData\Local\Programs\Python\Python39\lib\site-packages\appium\webdriver\webdriver.py", line 371, in find_element
    return self.execute(RemoteCommand.FIND_ELEMENT, {'using': by, 'value': value})['value']
  File "C:\Users\User\AppData\Local\Programs\Python\Python39\lib\site-packages\selenium\webdriver\remote\webdriver.py", line 444, in execute
    self.error_handler.check_response(response)
  File "C:\Users\User\AppData\Local\Programs\Python\Python39\lib\site-packages\appium\webdriver\errorhandler.py", line 30, in check_response
    raise wde
  File "C:\Users\User\AppData\Local\Programs\Python\Python39\lib\site-packages\appium\webdriver\errorhandler.py", line 26, in check_response
    super().check_response(response)
  File "C:\Users\User\AppData\Local\Programs\Python\Python39\lib\site-packages\selenium\webdriver\remote\errorhandler.py", line 249, in check_response
    raise exception_class(message, screen, stacktrace)
selenium.common.exceptions.NoSuchElementException: Message: An element could not be located on the page using the given search parameters.
Stacktrace:
NoSuchElementError: An element could not be located on the page using the given search parameters.
    at AndroidUiautomator2Driver.findElOrEls (/nix/store/a4f03fnyb1njsg95d11hrirds8hfjsc1-appium-1.17.0/node_modules/appium-uiautomator2-driver/node_modules/appium-android-driver/lib/commands/find.js:75:11)
</pre>
                        </div>
                        <!--css div popup end-->
                    </div>
                </td>
            </tr>
            
            <tr id="ft7.2" class='none'>
                <td class='failCase'>
                    <div class='testcase'>
                        <a class="popup_link" onfocus='this.blur();'
                           href="javascript:showTestDetail('div_ft7.2')">test_reset_password</a>
                    </div>
                </td>
                <td colspan='5' align='center'>
                    <div>
                        <!--css div popup start-->
                        <button>
                            <a class="popup_link" onfocus='this.blur();'
                               href="javascript:showTestDetail('div_ft7.2')" style="color:#660066;">
                                FAIL
                            </a></button>
                        <div id='div_ft7.2' class="popup_window">
                            <div style='text-align: right; color:red;cursor:pointer'>
                                <a onfocus='this.blur();'
                                   onclick="document.getElementById('div_ft7.2').style.display = 'none'; "
                                   style="color:red;">
                                    [x]</a>
                            </div>
                            <pre></pre>
                            <pre style="color: red;">Traceback (most recent call last):
  File "C:\Users\User\Documents\taza-qa-tests-automation\tests\test_password.py", line 47, in test_reset_password
    EndPoints.register(phone_number, DataSets.password)
  File "C:\Users\User\Documents\taza-qa-tests-automation\core\endPoints.py", line 30, in register
    assert response.status_code == 200
AssertionError
</pre>
                        </div>
                        <!--css div popup end-->
                    </div>
                </td>
            </tr>
            
        
        <tr class='passClass' style="font-weight:bold;color:white;">
            <td><a href="javascript:showClassDetail('c8','2')">tests.test_basket_popup.BasketPopup:  test the validity of basket popup total quantity, total price, and updating total price</a></td>
            <td>2</td>
            <td>2</td>
            <td>0</td>
            <td>0</td>
            <td>
                <button><a href="javascript:showClassDetail('c8','2')"
                           style="color:#660066;">Detail</a></button>
            </td>
        </tr>
            
            <tr id="pt8.1" class='hiddenRow'>
                <td class='passCase'>
                    <div class='testcase'>
                        <a class="popup_link" onfocus='this.blur();'
                           href="javascript:showTestDetail('div_pt8.1')">test_basket_popup</a>
                    </div>
                </td>
                <td colspan='5' align='center'>
                    <div>
                        <!--css div popup start-->
                        <button>
                            <a class="popup_link" onfocus='this.blur();'
                               href="javascript:showTestDetail('div_pt8.1')" style="color:#660066;">
                                PASS
                            </a></button>
                        <div id='div_pt8.1' class="popup_window">
                            <div style='text-align: right; color:red;cursor:pointer'>
                                <a onfocus='this.blur();'
                                   onclick="document.getElementById('div_pt8.1').style.display = 'none'; "
                                   style="color:red;">
                                    [x]</a>
                            </div>
                            <pre></pre>
                            <pre style="color: red;"></pre>
                        </div>
                        <!--css div popup end-->
                    </div>
                </td>
            </tr>
            
            <tr id="pt8.2" class='hiddenRow'>
                <td class='passCase'>
                    <div class='testcase'>
                        <a class="popup_link" onfocus='this.blur();'
                           href="javascript:showTestDetail('div_pt8.2')">test_update_basket_popup_total_quantity</a>
                    </div>
                </td>
                <td colspan='5' align='center'>
                    <div>
                        <!--css div popup start-->
                        <button>
                            <a class="popup_link" onfocus='this.blur();'
                               href="javascript:showTestDetail('div_pt8.2')" style="color:#660066;">
                                PASS
                            </a></button>
                        <div id='div_pt8.2' class="popup_window">
                            <div style='text-align: right; color:red;cursor:pointer'>
                                <a onfocus='this.blur();'
                                   onclick="document.getElementById('div_pt8.2').style.display = 'none'; "
                                   style="color:red;">
                                    [x]</a>
                            </div>
                            <pre></pre>
                            <pre style="color: red;"></pre>
                        </div>
                        <!--css div popup end-->
                    </div>
                </td>
            </tr>
            
        

        <tr id='total_row'>
            <td>Total</td>
            <td>25</td>
            <td>11</td>
            <td>9</td>
            <td>5</td>
            <td>&nbsp;</td>
        </tr>
    </table>
</div>
<br><br>
<div id='ending'><b>Time Elapsed: </b>0:37:16.007540</div>
</body>
</html>